<?xml version="1.0" encoding="UTF-8"?>
<testsuite name="de.vkb.CavemanTest" tests="1" skipped="0" failures="0" errors="0" timestamp="2019-08-08T11:14:25" hostname="macbook.local" time="0.046">
  <properties/>
  <testcase name="main()" classname="de.vkb.CavemanTest" time="0.046"/>
  <system-out><![CDATA[SS,PP - Stalemate
]]></system-out>
  <system-err><![CDATA[]]></system-err>
</testsuite>
